<?xml version="1.0" encoding="UTF-8"?>
<testsuite xmlns:xsi="http://www.w3.org/2001/XMLSchema-instance" xsi:schemaLocation="https://maven.apache.org/surefire/maven-surefire-plugin/xsd/surefire-test-report.xsd" name="TestSuite" time="22.427" tests="1" errors="0" skipped="0" failures="1">
  <properties>
[...]
</properties>
  <testcase name="start" classname="Driver.Engine" time="21.514">
    <failure message="Could not resolve external workbook name &apos;/BackUp/BackUp-CheapOair.com/Till%2008%20May%202019/src/main/java/testData/TestData1.xlsx&apos;. Workbook environment has not been set up." type="java.lang.RuntimeException">java.lang.RuntimeException: Could not resolve external workbook name '/BackUp/BackUp-CheapOair.com/Till%2008%20May%202019/src/main/java/testData/TestData1.xlsx'. Workbook environment has not been set up.
	at Driver.Engine.Iterator(Engine.java:132)
	at Driver.Engine.start(Engine.java:292)
Caused by: org.apache.poi.ss.formula.CollaboratingWorkbooksEnvironment$WorkbookNotFoundException: Could not resolve external workbook name '/BackUp/BackUp-CheapOair.com/Till%2008%20May%202019/src/main/java/testData/TestData1.xlsx'. Workbook environment has not been set up.
	at Driver.Engine.Iterator(Engine.java:132)
	at Driver.Engine.start(Engine.java:292)
</failure>
    <system-out><![CDATA[D:\CheapOair.com-KeywordDriven/TestResults/AutomationExecutionReport_21_05_2019_1656TestResults481.html
com.aventstack.extentreports.reporter.ExtentHtmlReporter@4b298eac
!!! Testing Started !!!
Something Went Wrong
 !!! Launching the browser !!!
]]></system-out>
    <system-err><![CDATA[java.lang.NullPointerException
	at TestDataReader.ReadTestCase.pickTestCase(ReadTestCase.java:107)
	at Driver.Engine.start(Engine.java:280)
	at sun.reflect.NativeMethodAccessorImpl.invoke0(Native Method)
	at sun.reflect.NativeMethodAccessorImpl.invoke(Unknown Source)
	at sun.reflect.DelegatingMethodAccessorImpl.invoke(Unknown Source)
	at java.lang.reflect.Method.invoke(Unknown Source)
	at org.testng.internal.MethodInvocationHelper.invokeMethod(MethodInvocationHelper.java:84)
	at org.testng.internal.Invoker.invokeMethod(Invoker.java:714)
	at org.testng.internal.Invoker.invokeTestMethod(Invoker.java:901)
	at org.testng.internal.Invoker.invokeTestMethods(Invoker.java:1231)
	at org.testng.internal.TestMethodWorker.invokeTestMethods(TestMethodWorker.java:127)
	at org.testng.internal.TestMethodWorker.run(TestMethodWorker.java:111)
	at org.testng.TestRunner.privateRun(TestRunner.java:767)
	at org.testng.TestRunner.run(TestRunner.java:617)
	at org.testng.SuiteRunner.runTest(SuiteRunner.java:334)
	at org.testng.SuiteRunner.access$000(SuiteRunner.java:37)
	at org.testng.SuiteRunner$SuiteWorker.run(SuiteRunner.java:368)
	at org.testng.internal.thread.ThreadUtil$2.call(ThreadUtil.java:64)
	at java.util.concurrent.FutureTask.run(Unknown Source)
	at java.util.concurrent.ThreadPoolExecutor.runWorker(Unknown Source)
	at java.util.concurrent.ThreadPoolExecutor$Worker.run(Unknown Source)
	at java.lang.Thread.run(Unknown Source)
Starting ChromeDriver 2.21.371459 (36d3d07f660ff2bc1bf28a75d1cdabed0983e7c4) on port 10956
Only local connections are allowed.
log4j:WARN No appenders could be found for logger (org.apache.http.client.protocol.RequestAddCookies).
log4j:WARN Please initialize the log4j system properly.
log4j:WARN See http://logging.apache.org/log4j/1.2/faq.html#noconfig for more info.
May 21, 2019 4:56:50 PM org.openqa.selenium.remote.ProtocolHandshake createSession
INFO: Detected dialect: OSS
]]></system-err>
  </testcase>
</testsuite>