<?xml version="1.0" encoding="UTF-8"?>
<testng-results skipped="0" failed="0" total="1" passed="1">
  <reporter-output>
  </reporter-output>
  <suite name="MultiBrowser" duration-ms="147060" started-at="2019-05-22T13:27:32Z" finished-at="2019-05-22T13:29:59Z">
    <groups>
    </groups>
    <test name="Sample5" duration-ms="147060" started-at="2019-05-22T13:27:32Z" finished-at="2019-05-22T13:29:59Z">
      <class name="Driver.Engine">
        <test-method status="PASS" signature="start(java.lang.String, java.lang.String, java.lang.String)[pri:0, instance:null]" name="start" duration-ms="147027" started-at="2019-05-22T18:57:32Z" finished-at="2019-05-22T18:59:59Z">
          <params>
            <param index="0">
              <value>
                <![CDATA[chrome]]>
              </value>
            </param>
            <param index="1">
              <value>
                <![CDATA[]]>
              </value>
            </param>
            <param index="2">
              <value>
                <![CDATA[Windows]]>
              </value>
            </param>
          </params>
          <reporter-output>
          </reporter-output>
        </test-method> <!-- start -->
      </class> <!-- Driver.Engine -->
    </test> <!-- Sample5 -->
  </suite> <!-- MultiBrowser -->
</testng-results>
